# JRE version: Java(TM) SE Runtime Environment (8.0_101-b13) (build 1.8.0_101-b13)
# Java VM: Java HotSpot(TM) Client VM (25.101-b13 mixed mode windows-x86 )
Heap:
 def new generation   total 4928K, used 2939K [0x04200000, 0x04750000, 0x09750000)
  eden space 4416K,  58% used [0x04200000, 0x04482278, 0x04650000)
  from space 512K,  72% used [0x04650000, 0x046aca78, 0x046d0000)
  to   space 512K,   0% used [0x046d0000, 0x046d0000, 0x04750000)
 tenured generation   total 10944K, used 9501K [0x09750000, 0x0a200000, 0x14200000)
   the space 10944K,  86% used [0x09750000, 0x0a0975e8, 0x0a097600, 0x0a200000)
 Metaspace       used 10238K, capacity 10403K, committed 10496K, reserved 10624K
GC Heap History (10 events):
Event: 1.177 GC heap before
{Heap before GC invocations=7 (full 0):
 def new generation   total 4928K, used 4927K [0x04200000, 0x04750000, 0x09750000)
  eden space 4416K, 100% used [0x04200000, 0x04650000, 0x04650000)
  from space 512K,  99% used [0x046d0000, 0x0474fff8, 0x04750000)
  to   space 512K,   0% used [0x04650000, 0x04650000, 0x046d0000)
 tenured generation   total 10944K, used 5432K [0x09750000, 0x0a200000, 0x14200000)
   the space 10944K,  49% used [0x09750000, 0x09c9e0d0, 0x09c9e200, 0x0a200000)
 Metaspace       used 8826K, capacity 8859K, committed 8960K, reserved 9600K
Event: 1.180 GC heap after
Heap after GC invocations=8 (full 0):
 def new generation   total 4928K, used 512K [0x04200000, 0x04750000, 0x09750000)
  eden space 4416K,   0% used [0x04200000, 0x04200000, 0x04650000)
  from space 512K, 100% used [0x04650000, 0x046d0000, 0x046d0000)
  to   space 512K,   0% used [0x046d0000, 0x046d0000, 0x04750000)
 tenured generation   total 10944K, used 6037K [0x09750000, 0x0a200000, 0x14200000)
   the space 10944K,  55% used [0x09750000, 0x09d35490, 0x09d35600, 0x0a200000)
 Metaspace       used 8826K, capacity 8859K, committed 8960K, reserved 9600K
}
Event: 1.384 GC heap before
{Heap before GC invocations=8 (full 0):
 def new generation   total 4928K, used 4928K [0x04200000, 0x04750000, 0x09750000)
  eden space 4416K, 100% used [0x04200000, 0x04650000, 0x04650000)
  from space 512K, 100% used [0x04650000, 0x046d0000, 0x046d0000)
  to   space 512K,   0% used [0x046d0000, 0x046d0000, 0x04750000)
 tenured generation   total 10944K, used 6037K [0x09750000, 0x0a200000, 0x14200000)
   the space 10944K,  55% used [0x09750000, 0x09d35490, 0x09d35600, 0x0a200000)
 Metaspace       used 9015K, capacity 9083K, committed 9216K, reserved 9600K
Event: 1.390 GC heap after
Heap after GC invocations=9 (full 0):
 def new generation   total 4928K, used 512K [0x04200000, 0x04750000, 0x09750000)
  eden space 4416K,   0% used [0x04200000, 0x04200000, 0x04650000)
  from space 512K, 100% used [0x046d0000, 0x04750000, 0x04750000)
  to   space 512K,   0% used [0x04650000, 0x04650000, 0x046d0000)
 tenured generation   total 10944K, used 7742K [0x09750000, 0x0a200000, 0x14200000)
   the space 10944K,  70% used [0x09750000, 0x09edf900, 0x09edfa00, 0x0a200000)
 Metaspace       used 9015K, capacity 9083K, committed 9216K, reserved 9600K
}
Event: 1.558 GC heap before
{Heap before GC invocations=9 (full 0):
 def new generation   total 4928K, used 4928K [0x04200000, 0x04750000, 0x09750000)
  eden space 4416K, 100% used [0x04200000, 0x04650000, 0x04650000)
  from space 512K, 100% used [0x046d0000, 0x04750000, 0x04750000)
  to   space 512K,   0% used [0x04650000, 0x04650000, 0x046d0000)
 tenured generation   total 10944K, used 7742K [0x09750000, 0x0a200000, 0x14200000)
   the space 10944K,  70% used [0x09750000, 0x09edf900, 0x09edfa00, 0x0a200000)
 Metaspace       used 9208K, capacity 9246K, committed 9344K, reserved 9600K
Event: 1.564 GC heap after
Heap after GC invocations=10 (full 0):
 def new generation   total 4928K, used 512K [0x04200000, 0x04750000, 0x09750000)
  eden space 4416K,   0% used [0x04200000, 0x04200000, 0x04650000)
  from space 512K, 100% used [0x04650000, 0x046d0000, 0x046d0000)
  to   space 512K,   0% used [0x046d0000, 0x046d0000, 0x04750000)
 tenured generation   total 10944K, used 8760K [0x09750000, 0x0a200000, 0x14200000)
   the space 10944K,  80% used [0x09750000, 0x09fde128, 0x09fde200, 0x0a200000)
 Metaspace       used 9208K, capacity 9246K, committed 9344K, reserved 9600K
}
Event: 1.793 GC heap before
{Heap before GC invocations=10 (full 0):
 def new generation   total 4928K, used 4928K [0x04200000, 0x04750000, 0x09750000)
  eden space 4416K, 100% used [0x04200000, 0x04650000, 0x04650000)
  from space 512K, 100% used [0x04650000, 0x046d0000, 0x046d0000)
  to   space 512K,   0% used [0x046d0000, 0x046d0000, 0x04750000)
 tenured generation   total 10944K, used 8760K [0x09750000, 0x0a200000, 0x14200000)
   the space 10944K,  80% used [0x09750000, 0x09fde128, 0x09fde200, 0x0a200000)
 Metaspace       used 9409K, capacity 9438K, committed 9472K, reserved 9600K
Event: 1.797 GC heap after
Heap after GC invocations=11 (full 0):
 def new generation   total 4928K, used 446K [0x04200000, 0x04750000, 0x09750000)
  eden space 4416K,   0% used [0x04200000, 0x04200000, 0x04650000)
  from space 512K,  87% used [0x046d0000, 0x0473f990, 0x04750000)
  to   space 512K,   0% used [0x04650000, 0x04650000, 0x046d0000)
 tenured generation   total 10944K, used 9268K [0x09750000, 0x0a200000, 0x14200000)
   the space 10944K,  84% used [0x09750000, 0x0a05d300, 0x0a05d400, 0x0a200000)
 Metaspace       used 9409K, capacity 9438K, committed 9472K, reserved 9600K
}
Event: 5.892 GC heap before
{Heap before GC invocations=11 (full 0):
 def new generation   total 4928K, used 4862K [0x04200000, 0x04750000, 0x09750000)
  eden space 4416K, 100% used [0x04200000, 0x04650000, 0x04650000)
  from space 512K,  87% used [0x046d0000, 0x0473f990, 0x04750000)
  to   space 512K,   0% used [0x04650000, 0x04650000, 0x046d0000)
 tenured generation   total 10944K, used 9268K [0x09750000, 0x0a200000, 0x14200000)
   the space 10944K,  84% used [0x09750000, 0x0a05d300, 0x0a05d400, 0x0a200000)
 Metaspace       used 10014K, capacity 10093K, committed 10240K, reserved 10624K
Event: 5.895 GC heap after
Heap after GC invocations=12 (full 0):
 def new generation   total 4928K, used 370K [0x04200000, 0x04750000, 0x09750000)
  eden space 4416K,   0% used [0x04200000, 0x04200000, 0x04650000)
  from space 512K,  72% used [0x04650000, 0x046aca78, 0x046d0000)
  to   space 512K,   0% used [0x046d0000, 0x046d0000, 0x04750000)
 tenured generation   total 10944K, used 9501K [0x09750000, 0x0a200000, 0x14200000)
   the space 10944K,  86% used [0x09750000, 0x0a0975e8, 0x0a097600, 0x0a200000)
 Metaspace       used 10014K, capacity 10093K, committed 10240K, reserved 10624K
}

